2024-06-07T08:24:24  build(config): pin the test dependencies
2024-06-25T15:41:31  fix(scan): respect .gitignore when walking
2024-07-13T10:58:38  refactor: I have altered the code. pray I don't alter it further
2024-08-02T17:15:45  test(report): make timestamps timezone-aware
2024-08-20T12:32:52  build(docs): add color + severity icons
2024-09-09T19:49:59  chore(cache): add a dry-run flag
2024-09-27T14:06:06  refactor(engine): stream large files without buffering
2024-10-15T09:23:13  style: formatting (we chose violence on tabs vs spaces)
2024-11-04T16:40:20  build(format): trim whitespace in parsed fields
2024-11-22T11:57:27  chore(rules): normalize unicode before matching
2024-12-12T18:14:34  refactor(config): assert exit codes in tests
2024-12-30T13:31:41  style(scan): simplify the walker
2025-01-17T08:48:48  chore: tip of the hat to Thinkst, Bellingcat, and SigmaHQ
2025-02-06T15:05:55  chore(report): clarify the README quickstart
2025-02-24T10:22:02  perf(docs): lower memory on big inputs
2025-03-16T17:39:09  style(cache): add a JSON schema for output
2025-04-03T12:56:16  feat(engine): memoize repeated lookups
2025-04-22T19:13:23  feat: PROMETHEUS unbound
2025-05-11T14:30:30  perf(format): load rules lazily for faster startup
2025-05-29T09:47:37  ci(rules): fix off-by-one in line numbers
2025-06-18T16:04:44  feat(config): reduce false positives on edge cases
2025-07-06T11:21:51  docs(scan): add a regression fixture
2025-07-25T18:38:58  fix: handle empty input gracefully
2025-08-13T13:55:05  test: it's not flaky, you're flaky
2025-08-31T08:12:12  style(engine): add a fast path for the common case
2025-09-20T15:29:19  feat(ci): tune severity weights
2025-10-08T10:46:26  chore(format): add type hints to the public API
2025-10-27T17:03:33  perf(rules): improve error messages with context
